# JRE version: OpenJDK Runtime Environment (17.0.10) (build 17.0.10+0--11572160)
# Java VM: OpenJDK 64-Bit Server VM (17.0.10+0--11572160, mixed mode, tiered, compressed oops, compressed class ptrs, g1 gc, windows-amd64)
GC Precious Log:
 CPUs: 8 total, 8 available
 Memory: 7859M
 Large Page Support: Disabled
 NUMA Support: Disabled
 Compressed Oops: Enabled (32-bit)
 Heap Region Size: 1M
 Heap Min Capacity: 8M
 Heap Initial Capacity: 124M
 Heap Max Capacity: 2G
 Pre-touch: Disabled
 Parallel Workers: 8
 Concurrent Workers: 2
 Concurrent Refinement Workers: 8
 Periodic GC: Disabled
Heap:
 garbage-first heap   total 352256K, used 95403K [0x0000000080000000, 0x0000000100000000)
  region size 1024K, 14 young (14336K), 4 survivors (4096K)
 Metaspace       used 91963K, committed 92672K, reserved 1179648K
  class space    used 12804K, committed 13120K, reserved 1048576K
GC Heap History (20 events):
Event: 35.063 GC heap before
{Heap before GC invocations=31 (full 0):
 garbage-first heap   total 109568K, used 86456K [0x0000000080000000, 0x0000000100000000)
  region size 1024K, 28 young (28672K), 1 survivors (1024K)
 Metaspace       used 64683K, committed 65216K, reserved 1114112K
  class space    used 8801K, committed 9024K, reserved 1048576K
}
Event: 35.068 GC heap after
{Heap after GC invocations=32 (full 0):
 garbage-first heap   total 161792K, used 56340K [0x0000000080000000, 0x0000000100000000)
  region size 1024K, 4 young (4096K), 4 survivors (4096K)
 Metaspace       used 64683K, committed 65216K, reserved 1114112K
  class space    used 8801K, committed 9024K, reserved 1048576K
}
Event: 37.131 GC heap before
{Heap before GC invocations=33 (full 0):
 garbage-first heap   total 161792K, used 113684K [0x0000000080000000, 0x0000000100000000)
  region size 1024K, 60 young (61440K), 4 survivors (4096K)
 Metaspace       used 69611K, committed 70144K, reserved 1114112K
  class space    used 9467K, committed 9728K, reserved 1048576K
}
Event: 37.140 GC heap after
{Heap after GC invocations=34 (full 0):
 garbage-first heap   total 161792K, used 59138K [0x0000000080000000, 0x0000000100000000)
  region size 1024K, 7 young (7168K), 7 survivors (7168K)
 Metaspace       used 69611K, committed 70144K, reserved 1114112K
  class space    used 9467K, committed 9728K, reserved 1048576K
}
Event: 37.167 GC heap before
{Heap before GC invocations=34 (full 0):
 garbage-first heap   total 161792K, used 60162K [0x0000000080000000, 0x0000000100000000)
  region size 1024K, 8 young (8192K), 7 survivors (7168K)
 Metaspace       used 69723K, committed 70272K, reserved 1114112K
  class space    used 9483K, committed 9728K, reserved 1048576K
}
Event: 37.201 GC heap after
{Heap after GC invocations=35 (full 0):
 garbage-first heap   total 161792K, used 59687K [0x0000000080000000, 0x0000000100000000)
  region size 1024K, 1 young (1024K), 1 survivors (1024K)
 Metaspace       used 69723K, committed 70272K, reserved 1114112K
  class space    used 9483K, committed 9728K, reserved 1048576K
}
Event: 39.300 GC heap before
{Heap before GC invocations=35 (full 0):
 garbage-first heap   total 161792K, used 121127K [0x0000000080000000, 0x0000000100000000)
  region size 1024K, 61 young (62464K), 1 survivors (1024K)
 Metaspace       used 74319K, committed 74944K, reserved 1114112K
  class space    used 10106K, committed 10432K, reserved 1048576K
}
Event: 39.308 GC heap after
{Heap after GC invocations=36 (full 0):
 garbage-first heap   total 161792K, used 63351K [0x0000000080000000, 0x0000000100000000)
  region size 1024K, 5 young (5120K), 5 survivors (5120K)
 Metaspace       used 74319K, committed 74944K, reserved 1114112K
  class space    used 10106K, committed 10432K, reserved 1048576K
}
Event: 40.939 GC heap before
{Heap before GC invocations=36 (full 0):
 garbage-first heap   total 161792K, used 123767K [0x0000000080000000, 0x0000000100000000)
  region size 1024K, 63 young (64512K), 5 survivors (5120K)
 Metaspace       used 78966K, committed 79616K, reserved 1179648K
  class space    used 10936K, committed 11264K, reserved 1048576K
}
Event: 40.960 GC heap after
{Heap after GC invocations=37 (full 0):
 garbage-first heap   total 161792K, used 65658K [0x0000000080000000, 0x0000000100000000)
  region size 1024K, 3 young (3072K), 3 survivors (3072K)
 Metaspace       used 78966K, committed 79616K, reserved 1179648K
  class space    used 10936K, committed 11264K, reserved 1048576K
}
Event: 42.591 GC heap before
{Heap before GC invocations=37 (full 0):
 garbage-first heap   total 161792K, used 126074K [0x0000000080000000, 0x0000000100000000)
  region size 1024K, 62 young (63488K), 3 survivors (3072K)
 Metaspace       used 83773K, committed 84352K, reserved 1179648K
  class space    used 11633K, committed 11904K, reserved 1048576K
}
Event: 42.600 GC heap after
{Heap after GC invocations=38 (full 0):
 garbage-first heap   total 161792K, used 68605K [0x0000000080000000, 0x0000000100000000)
  region size 1024K, 6 young (6144K), 6 survivors (6144K)
 Metaspace       used 83773K, committed 84352K, reserved 1179648K
  class space    used 11633K, committed 11904K, reserved 1048576K
}
Event: 44.481 GC heap before
{Heap before GC invocations=38 (full 0):
 garbage-first heap   total 161792K, used 127997K [0x0000000080000000, 0x0000000100000000)
  region size 1024K, 64 young (65536K), 6 survivors (6144K)
 Metaspace       used 89003K, committed 89664K, reserved 1179648K
  class space    used 12412K, committed 12736K, reserved 1048576K
}
Event: 44.507 GC heap after
{Heap after GC invocations=39 (full 0):
 garbage-first heap   total 161792K, used 72665K [0x0000000080000000, 0x0000000100000000)
  region size 1024K, 8 young (8192K), 8 survivors (8192K)
 Metaspace       used 89003K, committed 89664K, reserved 1179648K
  class space    used 12412K, committed 12736K, reserved 1048576K
}
Event: 62.088 GC heap before
{Heap before GC invocations=39 (full 0):
 garbage-first heap   total 161792K, used 128985K [0x0000000080000000, 0x0000000100000000)
  region size 1024K, 63 young (64512K), 8 survivors (8192K)
 Metaspace       used 91316K, committed 91968K, reserved 1179648K
  class space    used 12737K, committed 13056K, reserved 1048576K
}
Event: 62.179 GC heap after
{Heap after GC invocations=40 (full 0):
 garbage-first heap   total 161792K, used 78229K [0x0000000080000000, 0x0000000100000000)
  region size 1024K, 8 young (8192K), 8 survivors (8192K)
 Metaspace       used 91316K, committed 91968K, reserved 1179648K
  class space    used 12737K, committed 13056K, reserved 1048576K
}
Event: 63.180 GC heap before
{Heap before GC invocations=40 (full 0):
 garbage-first heap   total 161792K, used 129429K [0x0000000080000000, 0x0000000100000000)
  region size 1024K, 58 young (59392K), 8 survivors (8192K)
 Metaspace       used 91784K, committed 92480K, reserved 1179648K
  class space    used 12801K, committed 13120K, reserved 1048576K
}
Event: 63.211 GC heap after
{Heap after GC invocations=41 (full 0):
 garbage-first heap   total 161792K, used 84626K [0x0000000080000000, 0x0000000100000000)
  region size 1024K, 6 young (6144K), 6 survivors (6144K)
 Metaspace       used 91784K, committed 92480K, reserved 1179648K
  class space    used 12801K, committed 13120K, reserved 1048576K
}
Event: 63.811 GC heap before
{Heap before GC invocations=41 (full 0):
 garbage-first heap   total 161792K, used 129682K [0x0000000080000000, 0x0000000100000000)
  region size 1024K, 51 young (52224K), 6 survivors (6144K)
 Metaspace       used 91948K, committed 92672K, reserved 1179648K
  class space    used 12804K, committed 13120K, reserved 1048576K
}
Event: 63.829 GC heap after
{Heap after GC invocations=42 (full 0):
 garbage-first heap   total 352256K, used 86187K [0x0000000080000000, 0x0000000100000000)
  region size 1024K, 4 young (4096K), 4 survivors (4096K)
 Metaspace       used 91948K, committed 92672K, reserved 1179648K
  class space    used 12804K, committed 13120K, reserved 1048576K
}

