# JRE version: OpenJDK Runtime Environment (17.0.10) (build 17.0.10+0--11572160)
# Java VM: OpenJDK 64-Bit Server VM (17.0.10+0--11572160, mixed mode, tiered, compressed oops, compressed class ptrs, g1 gc, windows-amd64)
GC Precious Log:
 CPUs: 8 total, 8 available
 Memory: 7859M
 Large Page Support: Disabled
 NUMA Support: Disabled
 Compressed Oops: Enabled (32-bit)
 Heap Region Size: 1M
 Heap Min Capacity: 8M
 Heap Initial Capacity: 124M
 Heap Max Capacity: 2G
 Pre-touch: Disabled
 Parallel Workers: 8
 Concurrent Workers: 2
 Concurrent Refinement Workers: 8
 Periodic GC: Disabled
Heap:
 garbage-first heap   total 227328K, used 123714K [0x0000000080000000, 0x0000000100000000)
  region size 1024K, 2 young (2048K), 2 survivors (2048K)
 Metaspace       used 124481K, committed 125440K, reserved 1179648K
  class space    used 17313K, committed 17792K, reserved 1048576K
GC Heap History (20 events):
Event: 27.690 GC heap after
{Heap after GC invocations=55 (full 0):
 garbage-first heap   total 227328K, used 124818K [0x0000000080000000, 0x0000000100000000)
  region size 1024K, 2 young (2048K), 2 survivors (2048K)
 Metaspace       used 112616K, committed 113280K, reserved 1179648K
  class space    used 15617K, committed 15936K, reserved 1048576K
}
Event: 29.253 GC heap before
{Heap before GC invocations=56 (full 0):
 garbage-first heap   total 227328K, used 185234K [0x0000000080000000, 0x0000000100000000)
  region size 1024K, 65 young (66560K), 2 survivors (2048K)
 Metaspace       used 117921K, committed 118656K, reserved 1179648K
  class space    used 16584K, committed 16896K, reserved 1048576K
}
Event: 29.269 GC heap after
{Heap after GC invocations=57 (full 0):
 garbage-first heap   total 227328K, used 126381K [0x0000000080000000, 0x0000000100000000)
  region size 1024K, 7 young (7168K), 7 survivors (7168K)
 Metaspace       used 117921K, committed 118656K, reserved 1179648K
  class space    used 16584K, committed 16896K, reserved 1048576K
}
Event: 29.406 GC heap before
{Heap before GC invocations=57 (full 0):
 garbage-first heap   total 227328K, used 129453K [0x0000000080000000, 0x0000000100000000)
  region size 1024K, 11 young (11264K), 7 survivors (7168K)
 Metaspace       used 118426K, committed 119168K, reserved 1179648K
  class space    used 16667K, committed 17024K, reserved 1048576K
}
Event: 29.455 GC heap after
{Heap after GC invocations=58 (full 0):
 garbage-first heap   total 227328K, used 106202K [0x0000000080000000, 0x0000000100000000)
  region size 1024K, 2 young (2048K), 2 survivors (2048K)
 Metaspace       used 118426K, committed 119168K, reserved 1179648K
  class space    used 16667K, committed 17024K, reserved 1048576K
}
Event: 29.718 GC heap before
{Heap before GC invocations=58 (full 0):
 garbage-first heap   total 227328K, used 114394K [0x0000000080000000, 0x0000000100000000)
  region size 1024K, 11 young (11264K), 2 survivors (2048K)
 Metaspace       used 118973K, committed 119680K, reserved 1179648K
  class space    used 16710K, committed 17024K, reserved 1048576K
}
Event: 29.729 GC heap after
{Heap after GC invocations=59 (full 0):
 garbage-first heap   total 227328K, used 104834K [0x0000000080000000, 0x0000000100000000)
  region size 1024K, 2 young (2048K), 2 survivors (2048K)
 Metaspace       used 118973K, committed 119680K, reserved 1179648K
  class space    used 16710K, committed 17024K, reserved 1048576K
}
Event: 140.306 GC heap before
{Heap before GC invocations=59 (full 0):
 garbage-first heap   total 227328K, used 215426K [0x0000000080000000, 0x0000000100000000)
  region size 1024K, 68 young (69632K), 2 survivors (2048K)
 Metaspace       used 122971K, committed 123712K, reserved 1179648K
  class space    used 17215K, committed 17600K, reserved 1048576K
}
Event: 140.494 GC heap after
{Heap after GC invocations=60 (full 0):
 garbage-first heap   total 227328K, used 109679K [0x0000000080000000, 0x0000000100000000)
  region size 1024K, 6 young (6144K), 6 survivors (6144K)
 Metaspace       used 122971K, committed 123712K, reserved 1179648K
  class space    used 17215K, committed 17600K, reserved 1048576K
}
Event: 165.964 GC heap before
{Heap before GC invocations=61 (full 0):
 garbage-first heap   total 227328K, used 181359K [0x0000000080000000, 0x0000000100000000)
  region size 1024K, 76 young (77824K), 6 survivors (6144K)
 Metaspace       used 123622K, committed 124480K, reserved 1179648K
  class space    used 17231K, committed 17664K, reserved 1048576K
}
Event: 166.312 GC heap after
{Heap after GC invocations=62 (full 0):
 garbage-first heap   total 227328K, used 116366K [0x0000000080000000, 0x0000000100000000)
  region size 1024K, 10 young (10240K), 10 survivors (10240K)
 Metaspace       used 123622K, committed 124480K, reserved 1179648K
  class space    used 17231K, committed 17664K, reserved 1048576K
}
Event: 166.404 GC heap before
{Heap before GC invocations=62 (full 0):
 garbage-first heap   total 227328K, used 117390K [0x0000000080000000, 0x0000000100000000)
  region size 1024K, 11 young (11264K), 10 survivors (10240K)
 Metaspace       used 123622K, committed 124480K, reserved 1179648K
  class space    used 17231K, committed 17664K, reserved 1048576K
}
Event: 166.554 GC heap after
{Heap after GC invocations=63 (full 0):
 garbage-first heap   total 227328K, used 113580K [0x0000000080000000, 0x0000000100000000)
  region size 1024K, 2 young (2048K), 2 survivors (2048K)
 Metaspace       used 123622K, committed 124480K, reserved 1179648K
  class space    used 17231K, committed 17664K, reserved 1048576K
}
Event: 482.773 GC heap before
{Heap before GC invocations=63 (full 0):
 garbage-first heap   total 227328K, used 182188K [0x0000000080000000, 0x0000000100000000)
  region size 1024K, 70 young (71680K), 2 survivors (2048K)
 Metaspace       used 123937K, committed 124736K, reserved 1179648K
  class space    used 17253K, committed 17664K, reserved 1048576K
}
Event: 482.941 GC heap after
{Heap after GC invocations=64 (full 0):
 garbage-first heap   total 227328K, used 119779K [0x0000000080000000, 0x0000000100000000)
  region size 1024K, 8 young (8192K), 8 survivors (8192K)
 Metaspace       used 123937K, committed 124736K, reserved 1179648K
  class space    used 17253K, committed 17664K, reserved 1048576K
}
Event: 527.525 GC heap before
{Heap before GC invocations=64 (full 0):
 garbage-first heap   total 227328K, used 182243K [0x0000000080000000, 0x0000000100000000)
  region size 1024K, 69 young (70656K), 8 survivors (8192K)
 Metaspace       used 124130K, committed 125056K, reserved 1179648K
  class space    used 17275K, committed 17728K, reserved 1048576K
}
Event: 527.655 GC heap after
{Heap after GC invocations=65 (full 0):
 garbage-first heap   total 227328K, used 117452K [0x0000000080000000, 0x0000000100000000)
  region size 1024K, 4 young (4096K), 4 survivors (4096K)
 Metaspace       used 124130K, committed 125056K, reserved 1179648K
  class space    used 17275K, committed 17728K, reserved 1048576K
}
Event: 533.754 GC heap before
{Heap before GC invocations=65 (full 0):
 garbage-first heap   total 227328K, used 184012K [0x0000000080000000, 0x0000000100000000)
  region size 1024K, 70 young (71680K), 4 survivors (4096K)
 Metaspace       used 124415K, committed 125376K, reserved 1179648K
  class space    used 17303K, committed 17792K, reserved 1048576K
}
Event: 534.035 GC heap after
{Heap after GC invocations=66 (full 0):
 garbage-first heap   total 227328K, used 123652K [0x0000000080000000, 0x0000000100000000)
  region size 1024K, 9 young (9216K), 9 survivors (9216K)
 Metaspace       used 124415K, committed 125376K, reserved 1179648K
  class space    used 17303K, committed 17792K, reserved 1048576K
}
Event: 542.703 GC heap before
{Heap before GC invocations=66 (full 0):
 garbage-first heap   total 227328K, used 128772K [0x0000000080000000, 0x0000000100000000)
  region size 1024K, 15 young (15360K), 9 survivors (9216K)
 Metaspace       used 124481K, committed 125440K, reserved 1179648K
  class space    used 17313K, committed 17792K, reserved 1048576K
}

